0 info it worked if it ends with ok
1 verbose cli [ '/usr/bin/nodejs', '/usr/bin/npm', 'run', 'test' ]
2 info using npm@4.0.5
3 info using node@v7.4.0
4 verbose run-script [ 'pretest', 'test', 'posttest' ]
5 info lifecycle RRBase@0.0.1~pretest: RRBase@0.0.1
6 silly lifecycle RRBase@0.0.1~pretest: no script for pretest, continuing
7 info lifecycle RRBase@0.0.1~test: RRBase@0.0.1
8 verbose lifecycle RRBase@0.0.1~test: unsafe-perm in lifecycle true
9 verbose lifecycle RRBase@0.0.1~test: PATH: /usr/lib/node_modules/npm/bin/node-gyp-bin:/home/rlayeh/private projects/VendingMachine/node_modules/.bin:/home/rlayeh/bin:/home/rlayeh/.local/bin:/usr/local/sbin:/usr/local/bin:/usr/sbin:/usr/bin:/sbin:/bin:/usr/games:/usr/local/games:/snap/bin
10 verbose lifecycle RRBase@0.0.1~test: CWD: /home/rlayeh/private projects/VendingMachine
11 silly lifecycle RRBase@0.0.1~test: Args: [ '-c', 'ava -c 8' ]
12 silly lifecycle RRBase@0.0.1~test: Returned: code: 1  signal: null
13 info lifecycle RRBase@0.0.1~test: Failed to exec test script
14 verbose stack Error: RRBase@0.0.1 test: `ava -c 8`
14 verbose stack Exit status 1
14 verbose stack     at EventEmitter.<anonymous> (/usr/lib/node_modules/npm/lib/utils/lifecycle.js:279:16)
14 verbose stack     at emitTwo (events.js:106:13)
14 verbose stack     at EventEmitter.emit (events.js:191:7)
14 verbose stack     at ChildProcess.<anonymous> (/usr/lib/node_modules/npm/lib/utils/spawn.js:40:14)
14 verbose stack     at emitTwo (events.js:106:13)
14 verbose stack     at ChildProcess.emit (events.js:191:7)
14 verbose stack     at maybeClose (internal/child_process.js:885:16)
14 verbose stack     at Process.ChildProcess._handle.onexit (internal/child_process.js:226:5)
15 verbose pkgid RRBase@0.0.1
16 verbose cwd /home/rlayeh/private projects/VendingMachine
17 error Linux 4.8.0-41-generic
18 error argv "/usr/bin/nodejs" "/usr/bin/npm" "run" "test"
19 error node v7.4.0
20 error npm  v4.0.5
21 error code ELIFECYCLE
22 error RRBase@0.0.1 test: `ava -c 8`
22 error Exit status 1
23 error Failed at the RRBase@0.0.1 test script 'ava -c 8'.
23 error Make sure you have the latest version of node.js and npm installed.
23 error If you do, this is most likely a problem with the RRBase package,
23 error not with npm itself.
23 error Tell the author that this fails on your system:
23 error     ava -c 8
23 error You can get information on how to open an issue for this project with:
23 error     npm bugs RRBase
23 error Or if that isn't available, you can get their info via:
23 error     npm owner ls RRBase
23 error There is likely additional logging output above.
24 verbose exit [ 1, true ]
